<?xml version="1.0" encoding="UTF-8"?>
<!-- Generated by org.testng.reporters.JUnitReportReporter -->
<testsuite hostname="DESKTOP-TSDKSNU" failures="0" tests="1" name="SeleniumTestingUsingPageObjectModel.qaplayground.Tests.LoginTests" time="1.162" errors="0" timestamp="2026-03-20T00:46:45 IST" skipped="0">
  <testcase classname="SeleniumTestingUsingPageObjectModel.qaplayground.Tests.LoginTests" name="testLogin" time="1.162"/>
</testsuite> <!-- SeleniumTestingUsingPageObjectModel.qaplayground.Tests.LoginTests -->
