<?xml version="1.0" encoding="UTF-8"?>
<!-- Generated by org.testng.reporters.JUnitXMLReporter -->
<testsuite ignored="1" hostname="DESKTOP-TSDKSNU" failures="0" tests="1" name="FirstSeleniumTest.java" time="4.187" errors="0" timestamp="2026-03-20T00:46:45 IST">
  <testcase classname="SeleniumTestingUsingPageObjectModel.qaplayground.Tests.LoginTests" name="testLogin" time="1.162"/>
  <testcase classname="SeleniumTestingUsingPageObjectModel.qaplayground.Tests.LoginTests" name="testLoginErrorMessage" time="0.0">
    <ignored/>
  </testcase> <!-- testLoginErrorMessage -->
</testsuite> <!-- FirstSeleniumTest.java -->
