<?xml version="1.0" encoding="UTF-8"?>
<testng-results ignored="1" total="2" passed="1" failed="0" skipped="0">
  <reporter-output>
  </reporter-output>
  <suite started-at="2026-03-20T00:46:41 IST" name="Default Suite" finished-at="2026-03-20T00:46:45 IST" duration-ms="4187">
    <groups>
    </groups>
    <test started-at="2026-03-20T00:46:41 IST" name="FirstSeleniumTest.java" finished-at="2026-03-20T00:46:45 IST" duration-ms="4187">
      <class name="SeleniumTestingUsingPageObjectModel.qaplayground.Tests.LoginTests">
        <test-method is-config="true" signature="setUp()[pri:0, instance:SeleniumTestingUsingPageObjectModel.qaplayground.Tests.LoginTests@31304f14]" started-at="2026-03-20T00:46:41 IST" name="setUp" finished-at="2026-03-20T00:46:44 IST" duration-ms="2915" status="PASS">
          <reporter-output>
          </reporter-output>
        </test-method> <!-- setUp -->
        <test-method signature="testLogin()[pri:0, instance:SeleniumTestingUsingPageObjectModel.qaplayground.Tests.LoginTests@31304f14]" started-at="2026-03-20T00:46:44 IST" name="testLogin" finished-at="2026-03-20T00:46:45 IST" duration-ms="1162" status="PASS">
          <reporter-output>
          </reporter-output>
        </test-method> <!-- testLogin -->
        <test-method is-config="true" signature="cleanUp()[pri:0, instance:SeleniumTestingUsingPageObjectModel.qaplayground.Tests.LoginTests@31304f14]" started-at="2026-03-20T00:46:45 IST" name="cleanUp" finished-at="2026-03-20T00:46:45 IST" duration-ms="92" status="PASS">
          <reporter-output>
          </reporter-output>
        </test-method> <!-- cleanUp -->
      </class> <!-- SeleniumTestingUsingPageObjectModel.qaplayground.Tests.LoginTests -->
    </test> <!-- FirstSeleniumTest.java -->
  </suite> <!-- Default Suite -->
</testng-results>
